Arguments:
  /usr/local/Cellar/node@10/10.16.3/bin/node /usr/local/Cellar/yarn/1.17.3/libexec/bin/yarn.js add --dev ember-cli-bundle-analyzer --non-interactive -W

PATH:
  /Users/julien/.rbenv/shims:/usr/local/opt/node@10/bin:/usr/local/bin:/usr/bin:/bin:/usr/sbin:/sbin:/Applications/Wireshark.app/Contents/MacOS:/Applications/Postgres.app/Contents/Versions/latest/bin

Yarn version:
  1.17.3

Node version:
  10.16.3

Platform:
  darwin x64

Trace:
  Error: https://registry.yarnpkg.com/my-engine: Not found
      at Request.params.callback [as _callback] (/usr/local/Cellar/yarn/1.17.3/libexec/lib/cli.js:66830:18)
      at Request.self.callback (/usr/local/Cellar/yarn/1.17.3/libexec/lib/cli.js:140464:22)
      at Request.emit (events.js:198:13)
      at Request.<anonymous> (/usr/local/Cellar/yarn/1.17.3/libexec/lib/cli.js:141436:10)
      at Request.emit (events.js:198:13)
      at IncomingMessage.<anonymous> (/usr/local/Cellar/yarn/1.17.3/libexec/lib/cli.js:141358:12)
      at Object.onceWrapper (events.js:286:20)
      at IncomingMessage.emit (events.js:203:15)
      at endReadableNT (_stream_readable.js:1145:12)
      at process._tickCallback (internal/process/next_tick.js:63:19)

npm manifest:
  {
    "name": "host-app",
    "version": "0.0.0",
    "private": true,
    "workspaces": [
      "lib/*"
    ],
    "description": "Small description for host-app goes here",
    "repository": "",
    "license": "MIT",
    "author": "",
    "directories": {
      "doc": "doc",
      "test": "tests"
    },
    "scripts": {
      "build": "ember build",
      "lint:hbs": "ember-template-lint .",
      "lint:js": "eslint .",
      "start": "ember serve",
      "test": "ember test"
    },
    "devDependencies": {
      "@ember/jquery": "^0.6.0",
      "@ember/optional-features": "^0.7.0",
      "broccoli-asset-rev": "^3.0.0",
      "ember-ajax": "^5.0.0",
      "ember-cli": "~3.12.0",
      "ember-cli-app-version": "^3.2.0",
      "ember-cli-babel": "^7.7.3",
      "ember-cli-dependency-checker": "^3.1.0",
      "ember-cli-eslint": "^5.1.0",
      "ember-cli-htmlbars": "^3.0.1",
      "ember-cli-htmlbars-inline-precompile": "^2.1.0",
      "ember-cli-inject-live-reload": "^1.8.2",
      "ember-cli-sri": "^2.1.1",
      "ember-cli-template-lint": "^1.0.0-beta.1",
      "ember-cli-uglify": "^2.1.0",
      "ember-data": "~3.12.0",
      "ember-engines": "^0.8.2",
      "ember-export-application-global": "^2.0.0",
      "ember-load-initializers": "^2.0.0",
      "ember-maybe-import-regenerator": "^0.1.6",
      "ember-qunit": "^4.4.1",
      "ember-resolver": "^5.0.1",
      "ember-source": "~3.12.0",
      "eslint-plugin-ember": "^6.2.0",
      "eslint-plugin-node": "^9.0.1",
      "loader.js": "^4.7.0",
      "qunit-dom": "^0.8.4",
      "my-engine": "0.0.0"
    },
    "engines": {
      "node": "8.* || >= 10.*"
    }
  }

yarn manifest:
  No manifest

Lockfile:
  No lockfile
